pm uninstall --user 0 com.google.android.apps.magazines
pm uninstall --user 0 com.google.android.documentsui
pm uninstall --user 0 com.google.android.videos
pm uninstall --user 0 com.google.android.partnersetup
pm uninstall --user 0 com.google.android.youtube
pm uninstall --user 0 com.google.android.apps.youtube.music
pm uninstall --user 0 com.google.android.googlequicksearchbox
pm uninstall --user 0 com.google.android.apps.podcasts
pm uninstall --user 0 com.google.android.apps.docs
pm uninstall --user 0 com.google.android.apps.photos
pm uninstall --user 0 com.google.android.syncadapters.contacts
pm uninstall --user 0 com.google.android.apps.wellbeing
pm uninstall --user 0 com.google.android.projection.gearhead
pm uninstall --user 0 com.android.providers.partnerbookmarks
pm uninstall --user 0 com.android.bookmarkprovider
pm uninstall --user 0 com.google.android.apps.maps
pm uninstall --user 0 com.hmdglobal.app.fmradio
pm uninstall --user 0 com.google.android.gm
pm uninstall --user 0 com.hmdglobal.app.myphonehelper
pm uninstall --user 0 com.hmdglobal.support
pm uninstall --user 0 com.google.android.calendar
