pm uninstall --user 0 com.xiaomi.glgm
pm uninstall --user 0 com.ape.saletracker
pm uninstall --user 0 com.apkpure.aegon
pm uninstall --user 0 com.android.email
pm uninstall --user 0 com.google.android.googlequicksearchbox
pm uninstall --user 0 com.google.android.apps.docs
pm uninstall --user 0 com.google.android.partnersetup
pm uninstall --user 0 com.google.android.marvin.talkback
pm uninstall --user 0 com.google.android.apps.photos
pm uninstall --user 0 com.google.android.printservice.recommendation
pm uninstall --user 0 com.ironsource.appcloud.oobe.wiko
pm uninstall --user 0 com.wiko.launcher
pm uninstall --user 0 com.wiko.services
pm uninstall --user 0 com.ape.weather3overlay
pm uninstall --user 0 com.ape.cloudfilemanageroverlay
pm uninstall --user 0 com.ape.fmradiooverlay
pm uninstall --user 0 com.android.emailoverlay
pm uninstall --user 0 com.android.providers.partnerbookmarks
pm uninstall --user 0 com.google.android.syncadapters.calendar
pm uninstall --user 0 com.ape.myseneschal
pm uninstall --user 0 com.ape.myseneschaloverlay
pm uninstall --user 0 com.wiko.wikosetupwizard
